2016-08-16 19:01:30,938 [main] INFO  org.red5.server.Launcher - Red5 Server 1.0.8 (https://github.com/Red5)
2016-08-16 18:58:54,611 [main] INFO  o.s.c.s.FileSystemXmlApplicationContext - Refreshing org.springframework.context.support.FileSystemXmlApplicationContext@25bbe1b6: startup date [Tue Aug 16 18:58:54 CST 2016]; root of context hierarchy
2016-08-16 19:02:18,870 [main] INFO  o.s.b.f.xml.XmlBeanDefinitionReader - Loading XML bean definitions from class path resource [red5.xml]
2016-08-16 19:02:19,117 [main] INFO  o.s.b.f.xml.XmlBeanDefinitionReader - Loading XML bean definitions from class path resource [jee-container.xml]
2016-08-16 19:02:19,296 [main] INFO  o.s.b.f.c.PropertyPlaceholderConfigurer - Loading properties file from class path resource [red5.properties]
2016-08-16 19:02:19,343 [main] INFO  o.r.spring.Red5ApplicationContext - setApplicationContext: org.springframework.context.support.FileSystemXmlApplicationContext@25bbe1b6: startup date [Tue Aug 16 19:01:31 CST 2016]; root of context hierarchy
2016-08-16 19:02:19,343 [main] INFO  o.r.spring.Red5ApplicationContext - Red5ApplicationContext init
2016-08-16 19:02:19,353 [main] INFO  o.r.spring.Red5ApplicationContext - Refreshing ApplicationContext 'red5.common': startup date [Tue Aug 16 19:02:19 CST 2016]; parent: org.springframework.context.support.FileSystemXmlApplicationContext@25bbe1b6
2016-08-16 19:02:19,354 [main] INFO  o.s.b.f.xml.XmlBeanDefinitionReader - Loading XML bean definitions from class path resource [red5-common.xml]
2016-08-16 19:02:19,489 [main] INFO  o.s.b.f.c.PropertyPlaceholderConfigurer - Loading properties file from class path resource [red5.properties]
2016-08-16 19:02:19,592 [main] INFO  org.quartz.impl.StdSchedulerFactory - Using default implementation for ThreadExecutor
2016-08-16 19:02:19,627 [main] INFO  o.quartz.core.SchedulerSignalerImpl - Initialized Scheduler Signaller of type: class org.quartz.core.SchedulerSignalerImpl
2016-08-16 19:02:19,628 [main] INFO  org.quartz.core.QuartzScheduler - Quartz Scheduler v.2.2.2 created.
2016-08-16 19:02:19,630 [main] INFO  org.quartz.simpl.RAMJobStore - RAMJobStore initialized.
2016-08-16 19:02:19,632 [main] INFO  org.quartz.core.QuartzScheduler - Scheduler meta-data: Quartz Scheduler (v2.2.2) 'Red5_Scheduler' with instanceId 'NON_CLUSTERED'
  Scheduler class: 'org.quartz.core.QuartzScheduler' - running locally.
  NOT STARTED.
  Currently in standby mode.
  Number of jobs executed: 0
  Using thread pool 'org.quartz.simpl.SimpleThreadPool' - with 32 threads.
  Using job-store 'org.quartz.simpl.RAMJobStore' - which does not support persistence. and is not clustered.

2016-08-16 19:02:19,632 [main] INFO  org.quartz.impl.StdSchedulerFactory - Quartz scheduler 'Red5_Scheduler' initialized from the specified file : 'D:/soklib/red5-server/conf/quartz.properties'
2016-08-16 19:02:19,633 [main] INFO  org.quartz.impl.StdSchedulerFactory - Quartz scheduler version: 2.2.2
2016-08-16 19:02:19,633 [main] INFO  org.quartz.core.QuartzScheduler - Scheduler Red5_Scheduler_$_NON_CLUSTERED started.
2016-08-16 19:02:20,287 [main] INFO  o.s.j.e.a.AnnotationMBeanExporter - Registering beans for JMX exposure on startup
2016-08-16 19:02:20,290 [main] INFO  o.s.j.e.a.AnnotationMBeanExporter - Bean with name 'schedulingService' has been autodetected for JMX exposure
2016-08-16 19:02:20,291 [main] INFO  o.s.j.e.a.AnnotationMBeanExporter - Bean with name 'clientBroadcastStream' has been autodetected for JMX exposure
2016-08-16 19:02:20,552 [main] INFO  o.s.j.e.a.AnnotationMBeanExporter - Located MBean 'schedulingService': registering with JMX server as MBean [org.red5.server:name=schedulingService,type=QuartzSchedulingService]
2016-08-16 19:02:20,590 [main] INFO  o.r.spring.Red5ApplicationContext - setApplicationContext: org.springframework.context.support.FileSystemXmlApplicationContext@25bbe1b6: startup date [Tue Aug 16 18:58:54 CST 2016]; root of context hierarchy
2016-08-16 19:02:20,591 [main] INFO  o.r.spring.Red5ApplicationContext - Red5ApplicationContext init
2016-08-16 19:02:20,591 [main] INFO  o.r.spring.Red5ApplicationContext - Refreshing ApplicationContext 'red5.core': startup date [Tue Aug 16 19:02:20 CST 2016]; parent: ApplicationContext 'red5.common'
2016-08-16 19:02:20,592 [main] INFO  o.s.b.f.xml.XmlBeanDefinitionReader - Loading XML bean definitions from class path resource [red5-core.xml]
2016-08-16 19:02:20,723 [main] INFO  o.s.b.f.c.PropertyPlaceholderConfigurer - Loading properties file from class path resource [red5.properties]
2016-08-16 19:02:20,792 [main] INFO  o.r.s.net.rtmp.RTMPMinaTransport - RTMP will be bound to [0.0.0.0:1935]
2016-08-16 19:02:20,793 [main] INFO  o.r.s.net.rtmp.RTMPMinaTransport - RTMP Mina Transport Settings
Acceptor style: default I/O threads: 16
TCP no-delay: true keep-alive: false
2016-08-16 19:02:20,960 [main] INFO  o.r.s.net.rtmp.RTMPMinaTransport - Traffic class modification is disabled
2016-08-16 19:02:20,960 [main] INFO  o.r.s.net.rtmp.RTMPMinaTransport - Send buffer size: 65536 recv buffer size: 65536 so linger: -1 traffic class: 0
2016-08-16 19:02:21,017 [main] INFO  org.red5.server.ContextLoader - ContextLoader init
2016-08-16 19:02:21,019 [main] INFO  org.red5.server.ContextLoader - Loading: default.context = ${red5.root}/webapps/red5-default.xml => D:/soklib/red5-server/webapps/red5-default.xml
2016-08-16 19:02:21,032 [main] INFO  o.s.c.s.FileSystemXmlApplicationContext - Refreshing org.springframework.context.support.FileSystemXmlApplicationContext@6dab9b6d: startup date [Tue Aug 16 19:02:21 CST 2016]; parent: ApplicationContext 'red5.common'
2016-08-16 19:02:21,036 [main] INFO  o.s.b.f.xml.XmlBeanDefinitionReader - Loading XML bean definitions from file [D:\soklib\red5-server\webapps\red5-default.xml]
2016-08-16 19:02:21,173 [main] INFO  org.red5.server.Context - Setting parent bean factory as core
2016-08-16 19:02:21,205 [main] INFO  o.red5.server.plugin.PluginLauncher - Loaded plugin: org.red5.net.websocket.WebSocketPlugin
2016-08-16 19:02:21,206 [main] INFO  org.red5.server.tomcat.WarDeployer - War deployer service created
2016-08-16 19:02:21,216 [main] INFO  org.red5.server.tomcat.WarDeployer - Starting WarDeployer
2016-08-16 19:02:21,217 [main] INFO  org.red5.server.tomcat.WarDeployer - Deploy wars without app start
2016-08-16 19:02:21,352 [main] INFO  o.r.n.websocket.WebSocketTransport - WebSocket (ws) will be bound to [0.0.0.0:8081]
2016-08-16 19:02:21,411 [main] INFO  o.r.n.websocket.WebSocketTransport - started  websocket transport
2016-08-16 19:02:21,634 [main] INFO  org.red5.server.tomcat.TomcatLoader - Loading Tomcat
2016-08-16 19:02:21,635 [main] INFO  org.red5.server.tomcat.TomcatLoader - Server root: D:/soklib/red5-server
2016-08-16 19:02:21,635 [main] INFO  org.red5.server.tomcat.TomcatLoader - Config root: D:/soklib/red5-server/conf
2016-08-16 19:02:21,667 [main] INFO  org.red5.server.tomcat.TomcatLoader - Application root: D:/soklib/red5-server/webapps
2016-08-16 19:02:21,812 [main] INFO  org.red5.server.tomcat.TomcatLoader - Starting Tomcat servlet engine
2016-08-16 19:02:22,081 [main] INFO  o.a.c.core.AprLifecycleListener - The APR based Apache Tomcat Native library which allows optimal performance in production environments was not found on the java.library.path: D:\soklib\red5-server\\lib\native
2016-08-16 19:02:22,122 [main] INFO  o.a.coyote.http11.Http11NioProtocol - Initializing ProtocolHandler ["http-nio-0.0.0.0-5080"]
2016-08-16 19:02:22,139 [main] INFO  o.a.tomcat.util.net.NioSelectorPool - Using a shared selector for servlet write/read
2016-08-16 19:02:22,160 [main] INFO  o.a.catalina.core.StandardService - Starting service Tomcat
2016-08-16 19:02:22,163 [main] INFO  o.a.catalina.core.StandardEngine - Starting Servlet Engine: Apache Tomcat/8.0.36
2016-08-16 19:02:22,528 [0.0.0.0-startStop-1] INFO  o.a.catalina.startup.ContextConfig - No global web.xml found
2016-08-16 19:02:22,776 [0.0.0.0-startStop-1] INFO  o.a.c.c.C.[.[0.0.0.0].[/lib] - No Spring WebApplicationInitializer types detected on classpath
2016-08-16 19:02:22,798 [0.0.0.0-startStop-1] INFO  ROOT - Starting up context: lib
2016-08-16 19:02:22,830 [main] INFO  o.a.coyote.http11.Http11NioProtocol - Starting ProtocolHandler ["http-nio-0.0.0.0-5080"]
2016-08-16 19:02:22,863 [main] INFO  org.red5.server.tomcat.TomcatLoader - Context initialized: /lib path: D:\soklib\red5-server\webapps\lib\
2016-08-16 19:02:22,865 [main] INFO  org.red5.server.tomcat.TomcatLoader - Dedicated RTMPT server configuration was not specified
2016-08-16 19:02:22,869 [main] INFO  o.r.server.service.ShutdownServer - JEE server was found: TomcatLoader [serviceEngineName=red5Engine]
2016-08-16 19:02:22,914 [pool-7-thread-1] ERROR o.r.server.service.ShutdownServer - Cannot bind to port: 9999, ensure no other instances are bound or choose another port
java.net.BindException: Address already in use: JVM_Bind
	at java.net.DualStackPlainSocketImpl.bind0(Native Method)
	at java.net.DualStackPlainSocketImpl.socketBind(DualStackPlainSocketImpl.java:106)
	at java.net.AbstractPlainSocketImpl.bind(AbstractPlainSocketImpl.java:382)
	at java.net.PlainSocketImpl.bind(PlainSocketImpl.java:190)
	at java.net.ServerSocket.bind(ServerSocket.java:375)
	at java.net.ServerSocket.<init>(ServerSocket.java:237)
	at java.net.ServerSocket.<init>(ServerSocket.java:128)
	at org.red5.server.service.ShutdownServer.start(ShutdownServer.java:154)
	at org.red5.server.service.ShutdownServer$1.run(ShutdownServer.java:122)
	at java.util.concurrent.Executors$RunnableAdapter.call(Executors.java:511)
	at java.util.concurrent.FutureTask.run(FutureTask.java:266)
	at java.util.concurrent.ThreadPoolExecutor.runWorker(ThreadPoolExecutor.java:1142)
	at java.util.concurrent.ThreadPoolExecutor$Worker.run(ThreadPoolExecutor.java:617)
	at java.lang.Thread.run(Thread.java:745)
2016-08-16 19:02:22,915 [pool-7-thread-1] INFO  o.red5.server.plugin.PluginRegistry - Destroying and cleaning up 1 plugins
2016-08-16 19:02:22,915 [pool-7-thread-1] INFO  org.red5.server.ContextLoader - Shutting down
2016-08-16 19:02:22,915 [pool-7-thread-1] INFO  org.red5.server.ContextLoader - Unloading context default.context on shutdown
2016-08-16 19:02:22,927 [Loader:/lib] INFO  o.s.w.c.s.XmlWebApplicationContext - Refreshing Root WebApplicationContext: startup date [Tue Aug 16 19:02:22 CST 2016]; parent: org.springframework.context.support.FileSystemXmlApplicationContext@6dab9b6d
2016-08-16 19:02:22,930 [pool-7-thread-1] INFO  o.s.c.s.FileSystemXmlApplicationContext - Closing org.springframework.context.support.FileSystemXmlApplicationContext@6dab9b6d: startup date [Tue Aug 16 19:02:21 CST 2016]; parent: ApplicationContext 'red5.common'
2016-08-16 19:02:22,932 [pool-7-thread-1] INFO  org.red5.server.ContextLoader - Shutdown complete
2016-08-16 19:02:22,937 [Thread-4] INFO  o.r.spring.Red5ApplicationContext - Closing ApplicationContext 'red5.core': startup date [Tue Aug 16 19:02:20 CST 2016]; parent: ApplicationContext 'red5.common'
2016-08-16 19:02:22,939 [Thread-5] INFO  o.r.spring.Red5ApplicationContext - Closing ApplicationContext 'red5.common': startup date [Tue Aug 16 19:02:19 CST 2016]; parent: org.springframework.context.support.FileSystemXmlApplicationContext@25bbe1b6
2016-08-16 19:02:22,939 [Thread-4] INFO  o.r.s.net.rtmp.RTMPMinaTransport - RTMP Mina Transport stop
2016-08-16 19:02:22,940 [Thread-6] INFO  o.s.c.s.FileSystemXmlApplicationContext - Closing org.springframework.context.support.FileSystemXmlApplicationContext@25bbe1b6: startup date [Tue Aug 16 18:58:54 CST 2016]; root of context hierarchy
2016-08-16 19:02:22,941 [Thread-5] INFO  o.s.j.e.a.AnnotationMBeanExporter - Unregistering JMX-exposed beans on shutdown
2016-08-16 19:02:22,941 [Thread-5] INFO  o.s.j.e.a.AnnotationMBeanExporter - Unregistering JMX-exposed beans
2016-08-16 19:02:22,943 [Thread-5] INFO  org.quartz.core.QuartzScheduler - Scheduler Red5_Scheduler_$_NON_CLUSTERED shutting down.
2016-08-16 19:02:22,943 [Thread-5] INFO  org.quartz.core.QuartzScheduler - Scheduler Red5_Scheduler_$_NON_CLUSTERED paused.
2016-08-16 19:02:22,943 [Thread-5] INFO  org.quartz.core.QuartzScheduler - Scheduler Red5_Scheduler_$_NON_CLUSTERED shutdown complete.
2016-08-16 19:02:22,954 [Thread-6] INFO  o.s.c.s.DefaultLifecycleProcessor - Stopping beans in phase 0
2016-08-16 19:02:22,955 [Thread-6] INFO  o.red5.server.plugin.PluginRegistry - Destroying and cleaning up 0 plugins
2016-08-16 19:02:52,936 [pool-7-thread-1] INFO  o.r.server.service.ShutdownServer - One or more contexts didn't close in the allotted time
BeanFactory.invokeInitMethods(AbstractAutowireCapableBeanFactory.java:1637)
	at org.springframework.beans.factory.support.AbstractAutowireCapableBeanFactory.initializeBean(AbstractAutowireCapableBeanFactory.java:1574)
	at org.springframework.beans.factory.support.AbstractAutowireCapableBeanFactory.doCreateBean(AbstractAutowireCapableBeanFactory.java:545)
	at org.springframework.beans.factory.support.AbstractAutowireCapableBeanFactory.createBean(AbstractAutowireCapableBeanFactory.java:482)
	at org.springframework.beans.factory.support.AbstractBeanFactory$1.getObject(AbstractBeanFactory.java:306)
	at org.springframework.beans.factory.support.DefaultSingletonBeanRegistry.getSingleton(DefaultSingletonBeanRegistry.java:230)
	at org.springframework.beans.factory.support.AbstractBeanFactory.doGetBean(AbstractBeanFactory.java:302)
	at org.springframework.beans.factory.support.AbstractBeanFactory.getBean(AbstractBeanFactory.java:197)
	at org.springframework.beans.factory.support.DefaultListableBeanFactory.preInstantiateSingletons(DefaultListableBeanFactory.java:775)
	at org.springframework.context.support.AbstractApplicationContext.finishBeanFactoryInitialization(AbstractApplicationContext.java:861)
	at org.springframework.context.support.AbstractApplicationContext.refresh(AbstractApplicationContext.java:541)
	at org.red5.server.Launcher.launch(Launcher.java:73)
	at sun.reflect.NativeMethodAccessorImpl.invoke0(Native Method)
	at sun.reflect.NativeMethodAccessorImpl.invoke(NativeMethodAccessorImpl.java:62)
	at sun.reflect.DelegatingMethodAccessorImpl.invoke(DelegatingMethodAccessorImpl.java:43)
	at java.lang.reflect.Method.invoke(Method.java:483)
	at org.red5.server.Bootstrap.bootStrap(Bootstrap.java:122)
	at org.red5.server.Bootstrap.main(Bootstrap.java:50)
2016-08-16 19:02:22,273 [main] ERROR o.a.catalina.core.StandardService - Failed to initialize connector [Connector[HTTP/1.1-5080]]
org.apache.catalina.LifecycleException: Failed to initialize component [Connector[HTTP/1.1-5080]]
	at org.apache.catalina.util.LifecycleBase.init(LifecycleBase.java:106)
	at org.apache.catalina.core.StandardService.initInternal(StandardService.java:568)
	at org.apache.catalina.util.LifecycleBase.init(LifecycleBase.java:102)
	at org.apache.catalina.core.StandardServer.initInternal(StandardServer.java:869)
	at org.apache.catalina.util.LifecycleBase.init(LifecycleBase.java:102)
	at org.apache.catalina.util.LifecycleBase.start(LifecycleBase.java:136)
	at org.apache.catalina.startup.Tomcat.start(Tomcat.java:346)
	at org.red5.server.tomcat.TomcatLoader.start(TomcatLoader.java:431)
	at org.red5.server.tomcat.TomcatLoader.afterPropertiesSet(TomcatLoader.java:171)
	at org.springframework.beans.factory.support.AbstractAutowireCapableBeanFactory.invokeInitMethods(AbstractAutowireCapableBeanFactory.java:1637)
	at org.springframework.beans.factory.support.AbstractAutowireCapableBeanFactory.initializeBean(AbstractAutowireCapableBeanFactory.java:1574)
	at org.springframework.beans.factory.support.AbstractAutowireCapableBeanFactory.doCreateBean(AbstractAutowireCapableBeanFactory.java:545)
	at org.springframework.beans.factory.support.AbstractAutowireCapableBeanFactory.createBean(AbstractAutowireCapableBeanFactory.java:482)
	at org.springframework.beans.factory.support.AbstractBeanFactory$1.getObject(AbstractBeanFactory.java:306)
	at org.springframework.beans.factory.support.DefaultSingletonBeanRegistry.getSingleton(DefaultSingletonBeanRegistry.java:230)
	at org.springframework.beans.factory.support.AbstractBeanFactory.doGetBean(AbstractBeanFactory.java:302)
	at org.springframework.beans.factory.support.AbstractBeanFactory.getBean(AbstractBeanFactory.java:220)
	at org.springframework.beans.factory.support.DefaultListableBeanFactory.getBean(DefaultListableBeanFactory.java:352)
	at org.springframework.beans.factory.support.DefaultListableBeanFactory.getBean(DefaultListableBeanFactory.java:333)
	at org.springframework.context.support.AbstractApplicationContext.getBean(AbstractApplicationContext.java:1088)
	at org.red5.server.service.ShutdownServer.afterPropertiesSet(ShutdownServer.java:112)
	at org.springframework.beans.factory.support.AbstractAutowireCapableBeanFactory.invokeInitMethods(AbstractAutowireCapableBeanFactory.java:1637)
	at org.springframework.beans.factory.support.AbstractAutowireCapableBeanFactory.initializeBean(AbstractAutowireCapableBeanFactory.java:1574)
	at org.springframework.beans.factory.support.AbstractAutowireCapableBeanFactory.doCreateBean(AbstractAutowireCapableBeanFactory.java:545)
	at org.springframework.beans.factory.support.AbstractAutowireCapableBeanFactory.createBean(AbstractAutowireCapableBeanFactory.java:482)
	at org.springframework.beans.factory.support.AbstractBeanFactory$1.getObject(AbstractBeanFactory.java:306)
	at org.springframework.beans.factory.support.DefaultSingletonBeanRegistry.getSingleton(DefaultSingletonBeanRegistry.java:230)
	at org.springframework.beans.factory.support.AbstractBeanFactory.doGetBean(AbstractBeanFactory.java:302)
	at org.springframework.beans.factory.support.AbstractBeanFactory.getBean(AbstractBeanFactory.java:197)
	at org.springframework.beans.factory.support.DefaultListableBeanFactory.preInstantiateSingletons(DefaultListableBeanFactory.java:775)
	at org.springframework.context.support.AbstractApplicationContext.finishBeanFactoryInitialization(AbstractApplicationContext.java:861)
	at org.springframework.context.support.AbstractApplicationContext.refresh(AbstractApplicationContext.java:541)
	at org.red5.server.Launcher.launch(Launcher.java:73)
	at sun.reflect.NativeMethodAccessorImpl.invoke0(Native Method)
	at sun.reflect.NativeMethodAccessorImpl.invoke(NativeMethodAccessorImpl.java:62)
	at sun.reflect.DelegatingMethodAccessorImpl.invoke(DelegatingMethodAccessorImpl.java:43)
	at java.lang.reflect.Method.invoke(Method.java:483)
	at org.red5.server.Bootstrap.bootStrap(Bootstrap.java:122)
	at org.red5.server.Bootstrap.main(Bootstrap.java:50)
Caused by: org.apache.catalina.LifecycleException: Protocol handler initialization failed
	at org.apache.catalina.connector.Connector.initInternal(Connector.java:962)
	at org.apache.catalina.util.LifecycleBase.init(LifecycleBase.java:102)
	... 38 common frames omitted
Caused by: java.net.BindException: Address already in use: bind
	at sun.nio.ch.Net.bind0(Native Method)
	at sun.nio.ch.Net.bind(Net.java:436)
	at sun.nio.ch.Net.bind(Net.java:428)
	at sun.nio.ch.ServerSocketChannelImpl.bind(ServerSocketChannelImpl.java:214)
	at sun.nio.ch.ServerSocketAdaptor.bind(ServerSocketAdaptor.java:74)
	at org.apache.tomcat.util.net.NioEndpoint.bind(NioEndpoint.java:351)
	at org.apache.tomcat.util.net.AbstractEndpoint.init(AbstractEndpoint.java:748)
	at org.apache.coyote.AbstractProtocol.init(AbstractProtocol.java:459)
	at org.apache.coyote.http11.AbstractHttp11JsseProtocol.init(AbstractHttp11JsseProtocol.java:120)
	at org.apache.catalina.connector.Connector.initInternal(Connector.java:960)
	... 39 common frames omitted
2016-08-16 19:02:22,285 [main] INFO  o.a.catalina.core.StandardService - Starting service Tomcat
2016-08-16 19:02:22,285 [main] INFO  o.a.catalina.core.StandardEngine - Starting Servlet Engine: Apache Tomcat/8.0.36
2016-08-16 19:02:22,555 [0.0.0.0-startStop-1] INFO  o.a.catalina.startup.ContextConfig - No global web.xml found
2016-08-16 19:02:22,776 [0.0.0.0-startStop-1] INFO  o.a.c.c.C.[.[0.0.0.0].[/lib] - No Spring WebApplicationInitializer types detected on classpath
2016-08-16 19:02:22,797 [0.0.0.0-startStop-1] INFO  ROOT - Starting up context: lib
2016-08-16 19:02:22,831 [main] INFO  org.red5.server.tomcat.TomcatLoader - Context initialized: /lib path: D:\soklib\red5-server\webapps\lib\
2016-08-16 19:02:22,833 [main] INFO  org.red5.server.tomcat.TomcatLoader - Dedicated RTMPT server configuration was not specified
2016-08-16 19:02:22,839 [main] INFO  o.r.server.service.ShutdownServer - JEE server was found: TomcatLoader [serviceEngineName=red5Engine]
2016-08-16 19:02:22,867 [Loader:/lib] INFO  o.s.w.c.s.XmlWebApplicationContext - Refreshing Root WebApplicationContext: startup date [Tue Aug 16 19:02:22 CST 2016]; parent: org.springframework.context.support.FileSystemXmlApplicationContext@27d4a09
2016-08-16 19:02:22,877 [pool-7-thread-1] ERROR o.r.server.service.ShutdownServer - Cannot bind to port: 9999, ensure no other instances are bound or choose another 2016-08-16 19:02:22,918 [Loader:/lib] INFO  o.s.b.f.c.PropertyPlaceholderConfigurer - Loading properties file from ServletContext resource [/WEB-INF/red5-web.properties]
2016-08-16 19:02:22,926 [Loader:/lib] INFO  org.red5.server.Context - Setting parent bean factory as core
2016-08-16 19:02:22,968 [Loader:/lib] INFO  org.red5.server.scope.WebScope - Set server [Server@1653f899map[[empty]]]
2016-08-16 19:02:22,995 [Loader:/lib] INFO  org.red5.server.Server - Add mapping global: default host:  context: lib
2016-08-16 19:02:22,995 [Loader:/lib] INFO  org.red5.server.Server - Add mapping global: default host: localhost context: lib
2016-08-16 19:02:22,995 [Loader:/lib] INFO  org.red5.server.Server - Add mapping global: default host: localhost:8088 context: lib
2016-08-16 19:02:22,995 [Loader:/lib] INFO  org.red5.server.Server - Add mapping global: default host: 127.0.0.1:8088 context: lib
2016-08-16 19:02:22,998 [Loader:/lib] INFO  org.red5.demos.oflaDemo.Application - oflaDemo appStart
2016-08-16 19:02:23,003 [Loader:/lib] INFO  org.red5.server.scope.WebScope - Webscope already registered; remove the 'init-method' from your 'web.scope' bean to prevent this message in the future.
2016-08-16 19:03:21,358 [pool-4-thread-1] INFO  org.red5.server.tomcat.WarDeployer - Deploy wars with app start
2016-08-16 19:13:21,357 [pool-4-thread-1] INFO  org.red5.server.tomcat.WarDeployer - Deploy wars with app start
2016-08-16 19:23:21,357 [pool-4-thread-1] INFO  org.red5.server.tomcat.WarDeployer - Deploy wars with app start
2016-08-16 19:33:21,358 [pool-4-thread-1] INFO  org.red5.server.tomcat.WarDeployer - Deploy wars with app start
2016-08-16 20:03:40,458 [pool-4-thread-1] INFO  org.red5.server.tomcat.WarDeployer - Deploy wars with app start
2016-08-16 20:03:40,459 [pool-4-thread-1] INFO  org.red5.server.tomcat.WarDeployer - Deploy wars with app start
2016-08-16 20:03:40,459 [pool-4-thread-1] INFO  org.red5.server.tomcat.WarDeployer - Deploy wars with app start
2016-08-16 20:13:21,352 [pool-4-thread-1] INFO  org.red5.server.tomcat.WarDeployer - Deploy wars with app start
2016-08-16 20:23:21,352 [pool-4-thread-1] INFO  org.red5.server.tomcat.WarDeployer - Deploy wars with app start
2016-08-16 20:33:21,353 [pool-4-thread-1] INFO  org.red5.server.tomcat.WarDeployer - Deploy wars with app start
2016-08-16 20:43:21,352 [pool-4-thread-1] INFO  org.red5.server.tomcat.WarDeployer - Deploy wars with app start
2016-08-16 20:53:21,352 [pool-4-thread-1] INFO  org.red5.server.tomcat.WarDeployer - Deploy wars with app start
2016-08-16 21:03:21,352 [pool-4-thread-1] INFO  org.red5.server.tomcat.WarDeployer - Deploy wars with app start
2016-08-16 21:13:21,351 [pool-4-thread-1] INFO  org.red5.server.tomcat.WarDeployer - Deploy wars with app start
2016-08-16 21:23:21,352 [pool-4-thread-1] INFO  org.red5.server.tomcat.WarDeployer - Deploy wars with app start
2016-08-16 21:33:21,352 [pool-4-thread-1] INFO  org.red5.server.tomcat.WarDeployer - Deploy wars with app start
2016-08-16 21:43:21,352 [pool-4-thread-1] INFO  org.red5.server.tomcat.WarDeployer - Deploy wars with app start
2016-08-16 21:53:21,352 [pool-4-thread-1] INFO  org.red5.server.tomcat.WarDeployer - Deploy wars with app start
2016-08-16 22:03:21,352 [pool-4-thread-1] INFO  org.red5.server.tomcat.WarDeployer - Deploy wars with app start
2016-08-16 22:13:21,352 [pool-4-thread-1] INFO  org.red5.server.tomcat.WarDeployer - Deploy wars with app start
2016-08-16 22:23:21,352 [pool-4-thread-1] INFO  org.red5.server.tomcat.WarDeployer - Deploy wars with app start
2016-08-16 22:33:21,352 [pool-4-thread-1] INFO  org.red5.server.tomcat.WarDeployer - Deploy wars with app start
2016-08-16 22:43:21,352 [pool-4-thread-1] INFO  org.red5.server.tomcat.WarDeployer - Deploy wars with app start
2016-08-16 22:53:21,352 [pool-4-thread-1] INFO  org.red5.server.tomcat.WarDeployer - Deploy wars with app start
2016-08-16 23:03:21,352 [pool-4-thread-1] INFO  org.red5.server.tomcat.WarDeployer - Deploy wars with app start
2016-08-16 23:13:21,352 [pool-4-thread-1] INFO  org.red5.server.tomcat.WarDeployer - Deploy wars with app start
2016-08-16 23:23:21,352 [pool-4-thread-1] INFO  org.red5.server.tomcat.WarDeployer - Deploy wars with app start
2016-08-16 23:33:21,352 [pool-4-thread-1] INFO  org.red5.server.tomcat.WarDeployer - Deploy wars with app start
2016-08-16 23:43:21,352 [pool-4-thread-1] INFO  org.red5.server.tomcat.WarDeployer - Deploy wars with app start
2016-08-16 23:53:21,352 [pool-4-thread-1] INFO  org.red5.server.tomcat.WarDeployer - Deploy wars with app start
2016-08-17 00:03:21,351 [pool-4-thread-1] INFO  org.red5.server.tomcat.WarDeployer - Deploy wars with app start
2016-08-17 00:13:21,353 [pool-4-thread-1] INFO  org.red5.server.tomcat.WarDeployer - Deploy wars with app start
2016-08-17 00:23:21,353 [pool-4-thread-1] INFO  org.red5.server.tomcat.WarDeployer - Deploy wars with app start
2016-08-17 00:33:21,351 [pool-4-thread-1] INFO  org.red5.server.tomcat.WarDeployer - Deploy wars with app start
eating bean with name 'red5.scopeResolver' defined in file [D:\soklib\red5-server\webapps\red5-default.xml]: Cannot resolve reference to bean 'global.scope' while setting bean property 'globalScope'; nested exception is org.springframework.beans.factory.BeanCreationException: Error creating bean with name 'global.scope' defined in file [D:\soklib\red5-server\webapps\red5-default.xml]: Cannot resolve reference to bean 'red5.server' while setting bean property 'server'; nested exception is org.springframework.beans.factory.BeanCreationException: Error creating bean with name 'red5.server' defined in class path resource [red5-common.xml]: Invocation of init method failed; nested exception is java.lang.IllegalStateException: BeanFactory not initialized or already closed - call 'refresh' before accessing beans via the ApplicationContext
2016-08-16 19:02:52,896 [pool-7-thread-1] INFO  o.r.server.service.ShutdownServer - One or more contexts didn't close in the allotted time
